  Source.cpp
D:\GitHub\ProyectoSnake\prueba de SFML\Source.cpp(39,15): warning C4244: 'argumento': conversión de 'time_t' a 'unsigned int'; posible pérdida de datos
D:\GitHub\ProyectoSnake\prueba de SFML\Source.cpp(55,64): warning C4244: 'argumento': conversión de 'T' a 'T'; posible pérdida de datos
          with
          [
              T=int
          ]
          and
          [
              T=float
          ]
D:\GitHub\ProyectoSnake\prueba de SFML\Source.cpp(55,57): warning C4244: 'argumento': conversión de 'T' a 'T'; posible pérdida de datos
          with
          [
              T=int
          ]
          and
          [
              T=float
          ]
D:\GitHub\ProyectoSnake\prueba de SFML\Source.cpp(130,38): warning C4244: 'argumento': conversión de 'int' a 'float'; posible pérdida de datos
D:\GitHub\ProyectoSnake\prueba de SFML\Source.cpp(130,29): warning C4244: 'argumento': conversión de 'int' a 'float'; posible pérdida de datos
  Generando código
  1 of 74 functions ( 1.4%) were compiled, the rest were copied from previous compilation.
    0 functions were new in current compilation
    0 functions had inline decision re-evaluated but remain unchanged
  Generación de código finalizada
  prueba de SFML.vcxproj -> D:\GitHub\ProyectoSnake\prueba de SFML\x64\Release\prueba de SFML.exe
